2019-12-02 10:50:52,271 INFO [root] [base.py (__init__:15] - 正在获取driver对象：<appium.webdriver.webdriver.WebDriver (session="92726620-f27b-4958-b3dc-52e98d15558c")>
2019-12-02 10:50:52,295 INFO [root] [base.py (base_input:31] - 正在调用查找元素方法
2019-12-02 10:50:52,296 INFO [root] [base.py (base_find:20] - 正在查找: ('xpath', "//*[@index='1' and @class='android.widget.EditText']") 元素
2019-12-02 10:50:56,167 INFO [root] [base.py (base_input:33] - 正在对：('xpath', "//*[@index='1' and @class='android.widget.EditText']") 元素执行清空操作
2019-12-02 10:50:59,093 INFO [root] [base.py (base_input:36] - 正在对：('xpath', "//*[@index='1' and @class='android.widget.EditText']") 元素执行输入：13012345678 操作
2019-12-02 10:51:04,200 INFO [root] [base.py (base_input:31] - 正在调用查找元素方法
2019-12-02 10:51:04,200 INFO [root] [base.py (base_find:20] - 正在查找: ('xpath', "//*[@index='2' and @class='android.widget.EditText']") 元素
2019-12-02 10:51:04,932 INFO [root] [base.py (base_input:33] - 正在对：('xpath', "//*[@index='2' and @class='android.widget.EditText']") 元素执行清空操作
2019-12-02 10:51:07,119 INFO [root] [base.py (base_input:36] - 正在对：('xpath', "//*[@index='2' and @class='android.widget.EditText']") 元素执行输入：246810 操作
2019-12-02 10:51:12,439 INFO [root] [base.py (base_click:42] - 正在对：('xpath', "//*[@class='android.widget.Button']") 元素执行点击操作
2019-12-02 10:51:12,439 INFO [root] [base.py (base_find:20] - 正在查找: ('xpath', "//*[@class='android.widget.Button']") 元素
2019-12-02 10:51:12,622 INFO [root] [base.py (base_find:20] - 正在查找: ('xpath', "//*[contains(@text,'我的') and @index='3']") 元素
2019-12-02 11:06:30,794 INFO [root] [base.py (__init__:15] - 正在获取driver对象：<appium.webdriver.webdriver.WebDriver (session="07100ea4-2048-4bf5-a63f-878176b2c7a2")>
2019-12-02 11:06:30,796 INFO [root] [base.py (base_input:31] - 正在调用查找元素方法
2019-12-02 11:06:30,797 INFO [root] [base.py (base_find:20] - 正在查找: ('xpath', "//*[@index='1' and @class='android.widget.EditText']") 元素
2019-12-02 11:06:34,667 INFO [root] [base.py (base_input:33] - 正在对：('xpath', "//*[@index='1' and @class='android.widget.EditText']") 元素执行清空操作
2019-12-02 11:06:38,409 INFO [root] [base.py (base_input:36] - 正在对：('xpath', "//*[@index='1' and @class='android.widget.EditText']") 元素执行输入：13012345678 操作
2019-12-02 11:06:43,467 INFO [root] [base.py (base_input:31] - 正在调用查找元素方法
2019-12-02 11:06:43,467 INFO [root] [base.py (base_find:20] - 正在查找: ('xpath', "//*[@index='2' and @class='android.widget.EditText']") 元素
2019-12-02 11:06:43,523 INFO [root] [base.py (base_input:33] - 正在对：('xpath', "//*[@index='2' and @class='android.widget.EditText']") 元素执行清空操作
2019-12-02 11:06:45,886 INFO [root] [base.py (base_input:36] - 正在对：('xpath', "//*[@index='2' and @class='android.widget.EditText']") 元素执行输入：246810 操作
2019-12-02 11:06:51,195 INFO [root] [base.py (base_click:42] - 正在对：('xpath', "//*[@class='android.widget.Button']") 元素执行点击操作
2019-12-02 11:06:51,195 INFO [root] [base.py (base_find:20] - 正在查找: ('xpath', "//*[@class='android.widget.Button']") 元素
2019-12-02 11:06:51,371 INFO [root] [base.py (base_find:20] - 正在查找: ('xpath', "//*[contains(@text,'我的') and @index='3']") 元素
2019-12-02 16:15:19,164 INFO [root] [base.py (__init__:15] - 正在获取driver对象：<appium.webdriver.webdriver.WebDriver (session="83112e6f-a8ce-4e9b-bcf8-c297ed0e4629")>
2019-12-02 16:15:19,165 INFO [root] [base.py (base_input:31] - 正在调用查找元素方法
2019-12-02 16:15:19,165 INFO [root] [base.py (base_find:20] - 正在查找: ('xpath', "//*[@index='1' and @class='android.widget.EditText']") 元素
2019-12-02 16:15:22,914 INFO [root] [base.py (base_input:33] - 正在对：('xpath', "//*[@index='1' and @class='android.widget.EditText']") 元素执行清空操作
2019-12-02 16:15:25,712 INFO [root] [base.py (base_input:36] - 正在对：('xpath', "//*[@index='1' and @class='android.widget.EditText']") 元素执行输入：13012345678 操作
2019-12-02 16:15:31,245 INFO [root] [base.py (base_input:31] - 正在调用查找元素方法
2019-12-02 16:15:31,245 INFO [root] [base.py (base_find:20] - 正在查找: ('xpath', "//*[@index='2' and @class='android.widget.EditText']") 元素
2019-12-02 16:15:31,953 INFO [root] [base.py (base_input:33] - 正在对：('xpath', "//*[@index='2' and @class='android.widget.EditText']") 元素执行清空操作
2019-12-02 16:15:34,069 INFO [root] [base.py (base_input:36] - 正在对：('xpath', "//*[@index='2' and @class='android.widget.EditText']") 元素执行输入：246810 操作
2019-12-02 16:15:38,927 INFO [root] [base.py (base_click:42] - 正在对：('xpath', "//*[@class='android.widget.Button']") 元素执行点击操作
2019-12-02 16:15:38,928 INFO [root] [base.py (base_find:20] - 正在查找: ('xpath', "//*[@class='android.widget.Button']") 元素
2019-12-02 16:16:45,845 INFO [root] [base.py (__init__:15] - 正在获取driver对象：<appium.webdriver.webdriver.WebDriver (session="8bce90fa-0d38-4934-9ee7-8cb3ee745c37")>
2019-12-02 16:16:45,846 INFO [root] [base.py (base_input:31] - 正在调用查找元素方法
2019-12-02 16:16:45,846 INFO [root] [base.py (base_find:20] - 正在查找: ('xpath', "//*[@index='1' and @class='android.widget.EditText']") 元素
2019-12-02 16:16:49,735 INFO [root] [base.py (base_input:33] - 正在对：('xpath', "//*[@index='1' and @class='android.widget.EditText']") 元素执行清空操作
2019-12-02 16:16:52,314 INFO [root] [base.py (base_input:36] - 正在对：('xpath', "//*[@index='1' and @class='android.widget.EditText']") 元素执行输入：13012345678 操作
2019-12-02 16:16:57,163 INFO [root] [base.py (base_input:31] - 正在调用查找元素方法
2019-12-02 16:16:57,163 INFO [root] [base.py (base_find:20] - 正在查找: ('xpath', "//*[@index='2' and @class='android.widget.EditText']") 元素
2019-12-02 16:16:57,193 INFO [root] [base.py (base_input:33] - 正在对：('xpath', "//*[@index='2' and @class='android.widget.EditText']") 元素执行清空操作
2019-12-02 16:16:59,120 INFO [root] [base.py (base_input:36] - 正在对：('xpath', "//*[@index='2' and @class='android.widget.EditText']") 元素执行输入：246810 操作
2019-12-02 16:17:03,935 INFO [root] [base.py (base_click:42] - 正在对：('xpath', "//*[@class='android.widget.Button']") 元素执行点击操作
2019-12-02 16:17:03,936 INFO [root] [base.py (base_find:20] - 正在查找: ('xpath', "//*[@class='android.widget.Button']") 元素
2019-12-02 16:17:07,146 INFO [root] [base.py (__init__:15] - 正在获取driver对象：<appium.webdriver.webdriver.WebDriver (session="8bce90fa-0d38-4934-9ee7-8cb3ee745c37")>
2019-12-02 16:17:07,148 INFO [root] [base.py (base_find:20] - 正在查找: ('xpath', "//*[@class='android.widget.HorizontalScrollView']") 元素
2019-12-02 16:17:40,185 INFO [root] [base.py (__init__:15] - 正在获取driver对象：<appium.webdriver.webdriver.WebDriver (session="38d8a1ee-216c-4946-8d04-be3cd6c44936")>
2019-12-02 16:17:40,186 INFO [root] [base.py (base_input:31] - 正在调用查找元素方法
2019-12-02 16:17:40,186 INFO [root] [base.py (base_find:20] - 正在查找: ('xpath', "//*[@index='1' and @class='android.widget.EditText']") 元素
2019-12-02 16:17:44,102 INFO [root] [base.py (base_input:33] - 正在对：('xpath', "//*[@index='1' and @class='android.widget.EditText']") 元素执行清空操作
2019-12-02 16:17:47,606 INFO [root] [base.py (base_input:36] - 正在对：('xpath', "//*[@index='1' and @class='android.widget.EditText']") 元素执行输入：13012345678 操作
2019-12-02 16:17:53,082 INFO [root] [base.py (base_input:31] - 正在调用查找元素方法
2019-12-02 16:17:53,082 INFO [root] [base.py (base_find:20] - 正在查找: ('xpath', "//*[@index='2' and @class='android.widget.EditText']") 元素
2019-12-02 16:17:53,111 INFO [root] [base.py (base_input:33] - 正在对：('xpath', "//*[@index='2' and @class='android.widget.EditText']") 元素执行清空操作
2019-12-02 16:17:55,792 INFO [root] [base.py (base_input:36] - 正在对：('xpath', "//*[@index='2' and @class='android.widget.EditText']") 元素执行输入：246810 操作
2019-12-02 16:18:00,700 INFO [root] [base.py (base_click:42] - 正在对：('xpath', "//*[@class='android.widget.Button']") 元素执行点击操作
2019-12-02 16:18:00,703 INFO [root] [base.py (base_find:20] - 正在查找: ('xpath', "//*[@class='android.widget.Button']") 元素
2019-12-02 16:18:01,711 INFO [root] [base.py (__init__:15] - 正在获取driver对象：<appium.webdriver.webdriver.WebDriver (session="38d8a1ee-216c-4946-8d04-be3cd6c44936")>
2019-12-02 16:18:01,712 INFO [root] [base.py (base_find:20] - 正在查找: ('xpath', "//*[@class='android.widget.HorizontalScrollView']") 元素
2019-12-02 16:20:39,522 INFO [root] [base.py (__init__:15] - 正在获取driver对象：<appium.webdriver.webdriver.WebDriver (session="a303de82-5109-4d75-b1b4-b9e9c27d43b1")>
2019-12-02 16:20:39,523 INFO [root] [base.py (base_input:31] - 正在调用查找元素方法
2019-12-02 16:20:39,523 INFO [root] [base.py (base_find:20] - 正在查找: ('xpath', "//*[@index='1' and @class='android.widget.EditText']") 元素
2019-12-02 16:20:43,391 INFO [root] [base.py (base_input:33] - 正在对：('xpath', "//*[@index='1' and @class='android.widget.EditText']") 元素执行清空操作
2019-12-02 16:20:46,516 INFO [root] [base.py (base_input:36] - 正在对：('xpath', "//*[@index='1' and @class='android.widget.EditText']") 元素执行输入：13012345678 操作
2019-12-02 16:20:51,433 INFO [root] [base.py (base_input:31] - 正在调用查找元素方法
2019-12-02 16:20:51,433 INFO [root] [base.py (base_find:20] - 正在查找: ('xpath', "//*[@index='2' and @class='android.widget.EditText']") 元素
2019-12-02 16:20:52,178 INFO [root] [base.py (base_input:33] - 正在对：('xpath', "//*[@index='2' and @class='android.widget.EditText']") 元素执行清空操作
2019-12-02 16:20:54,909 INFO [root] [base.py (base_input:36] - 正在对：('xpath', "//*[@index='2' and @class='android.widget.EditText']") 元素执行输入：246810 操作
2019-12-02 16:20:59,840 INFO [root] [base.py (base_click:42] - 正在对：('xpath', "//*[@class='android.widget.Button']") 元素执行点击操作
2019-12-02 16:20:59,841 INFO [root] [base.py (base_find:20] - 正在查找: ('xpath', "//*[@class='android.widget.Button']") 元素
2019-12-02 16:21:00,761 INFO [root] [base.py (__init__:15] - 正在获取driver对象：<appium.webdriver.webdriver.WebDriver (session="a303de82-5109-4d75-b1b4-b9e9c27d43b1")>
2019-12-02 16:21:00,763 INFO [root] [base.py (base_find:20] - 正在查找: ('xpath', "//*[@class='android.widget.HorizontalScrollView']") 元素
2019-12-02 16:22:07,803 INFO [root] [base.py (__init__:15] - 正在获取driver对象：<appium.webdriver.webdriver.WebDriver (session="a72e85f4-e4a9-42a8-9de9-9d761f261884")>
2019-12-02 16:22:07,803 INFO [root] [base.py (base_input:31] - 正在调用查找元素方法
2019-12-02 16:22:07,804 INFO [root] [base.py (base_find:20] - 正在查找: ('xpath', "//*[@index='1' and @class='android.widget.EditText']") 元素
2019-12-02 16:22:12,322 INFO [root] [base.py (base_input:33] - 正在对：('xpath', "//*[@index='1' and @class='android.widget.EditText']") 元素执行清空操作
2019-12-02 16:22:15,548 INFO [root] [base.py (base_input:36] - 正在对：('xpath', "//*[@index='1' and @class='android.widget.EditText']") 元素执行输入：13012345678 操作
2019-12-02 16:22:21,032 INFO [root] [base.py (base_input:31] - 正在调用查找元素方法
2019-12-02 16:22:21,032 INFO [root] [base.py (base_find:20] - 正在查找: ('xpath', "//*[@index='2' and @class='android.widget.EditText']") 元素
2019-12-02 16:22:21,083 INFO [root] [base.py (base_input:33] - 正在对：('xpath', "//*[@index='2' and @class='android.widget.EditText']") 元素执行清空操作
2019-12-02 16:22:23,403 INFO [root] [base.py (base_input:36] - 正在对：('xpath', "//*[@index='2' and @class='android.widget.EditText']") 元素执行输入：246810 操作
2019-12-02 16:22:28,291 INFO [root] [base.py (base_click:42] - 正在对：('xpath', "//*[@class='android.widget.Button']") 元素执行点击操作
2019-12-02 16:22:28,291 INFO [root] [base.py (base_find:20] - 正在查找: ('xpath', "//*[@class='android.widget.Button']") 元素
2019-12-02 16:22:28,469 INFO [root] [base.py (__init__:15] - 正在获取driver对象：<appium.webdriver.webdriver.WebDriver (session="a72e85f4-e4a9-42a8-9de9-9d761f261884")>
2019-12-02 16:22:28,470 INFO [root] [base.py (base_find:20] - 正在查找: ('xpath', "//*[@class='android.widget.HorizontalScrollView']") 元素
2019-12-02 16:22:31,922 INFO [root] [base.py (base_find:20] - 正在查找: ('xpath', "//*[contains(@text,'PHP')]") 元素
2019-12-02 16:23:03,600 INFO [root] [base.py (base_find:20] - 正在查找: ('xpath', "//*[contains(@text,'PHP')]") 元素
2019-12-02 16:23:43,342 INFO [root] [base.py (__init__:15] - 正在获取driver对象：<appium.webdriver.webdriver.WebDriver (session="56045192-b197-4a3a-997d-4a45617b81c9")>
2019-12-02 16:23:43,343 INFO [root] [base.py (base_input:31] - 正在调用查找元素方法
2019-12-02 16:23:43,343 INFO [root] [base.py (base_find:20] - 正在查找: ('xpath', "//*[@index='1' and @class='android.widget.EditText']") 元素
2019-12-02 16:23:47,805 INFO [root] [base.py (base_input:33] - 正在对：('xpath', "//*[@index='1' and @class='android.widget.EditText']") 元素执行清空操作
2019-12-02 16:23:50,524 INFO [root] [base.py (base_input:36] - 正在对：('xpath', "//*[@index='1' and @class='android.widget.EditText']") 元素执行输入：13012345678 操作
2019-12-02 16:23:55,499 INFO [root] [base.py (base_input:31] - 正在调用查找元素方法
2019-12-02 16:23:55,499 INFO [root] [base.py (base_find:20] - 正在查找: ('xpath', "//*[@index='2' and @class='android.widget.EditText']") 元素
2019-12-02 16:23:55,563 INFO [root] [base.py (base_input:33] - 正在对：('xpath', "//*[@index='2' and @class='android.widget.EditText']") 元素执行清空操作
2019-12-02 16:23:57,814 INFO [root] [base.py (base_input:36] - 正在对：('xpath', "//*[@index='2' and @class='android.widget.EditText']") 元素执行输入：246810 操作
2019-12-02 16:24:02,991 INFO [root] [base.py (base_click:42] - 正在对：('xpath', "//*[@class='android.widget.Button']") 元素执行点击操作
2019-12-02 16:24:02,992 INFO [root] [base.py (base_find:20] - 正在查找: ('xpath', "//*[@class='android.widget.Button']") 元素
2019-12-02 16:24:29,799 INFO [root] [base.py (__init__:15] - 正在获取driver对象：<appium.webdriver.webdriver.WebDriver (session="e597a841-eb0f-4c4c-98f5-1b67b38391e9")>
2019-12-02 16:24:29,799 INFO [root] [base.py (base_input:31] - 正在调用查找元素方法
2019-12-02 16:24:29,799 INFO [root] [base.py (base_find:20] - 正在查找: ('xpath', "//*[@index='1' and @class='android.widget.EditText']") 元素
2019-12-02 16:24:34,195 INFO [root] [base.py (base_input:33] - 正在对：('xpath', "//*[@index='1' and @class='android.widget.EditText']") 元素执行清空操作
2019-12-02 16:24:37,445 INFO [root] [base.py (base_input:36] - 正在对：('xpath', "//*[@index='1' and @class='android.widget.EditText']") 元素执行输入：13012345678 操作
2019-12-02 16:24:42,460 INFO [root] [base.py (base_input:31] - 正在调用查找元素方法
2019-12-02 16:24:42,461 INFO [root] [base.py (base_find:20] - 正在查找: ('xpath', "//*[@index='2' and @class='android.widget.EditText']") 元素
2019-12-02 16:24:43,162 INFO [root] [base.py (base_input:33] - 正在对：('xpath', "//*[@index='2' and @class='android.widget.EditText']") 元素执行清空操作
2019-12-02 16:24:45,779 INFO [root] [base.py (base_input:36] - 正在对：('xpath', "//*[@index='2' and @class='android.widget.EditText']") 元素执行输入：246810 操作
2019-12-02 16:24:50,590 INFO [root] [base.py (base_click:42] - 正在对：('xpath', "//*[@class='android.widget.Button']") 元素执行点击操作
2019-12-02 16:24:50,590 INFO [root] [base.py (base_find:20] - 正在查找: ('xpath', "//*[@class='android.widget.Button']") 元素
2019-12-02 16:24:50,753 INFO [root] [base.py (__init__:15] - 正在获取driver对象：<appium.webdriver.webdriver.WebDriver (session="e597a841-eb0f-4c4c-98f5-1b67b38391e9")>
2019-12-02 16:24:50,755 INFO [root] [base.py (base_find:20] - 正在查找: ('xpath', "//*[@class='android.widget.HorizontalScrollView']") 元素
2019-12-02 16:24:53,987 INFO [root] [base.py (base_find:20] - 正在查找: ('xpath', "//*[contains(@text,'PHP')]") 元素
2019-12-02 16:24:58,224 INFO [root] [base.py (base_find:20] - 正在查找: ('xpath', "//*[contains(@text,'PHP')]") 元素
2019-12-02 16:25:02,609 INFO [root] [base.py (base_find:20] - 正在查找: ('xpath', "//*[contains(@text,'PHP')]") 元素
2019-12-02 16:25:06,943 INFO [root] [base.py (base_find:20] - 正在查找: ('xpath', "//*[contains(@text,'PHP')]") 元素
2019-12-02 16:25:11,263 INFO [root] [base.py (base_find:20] - 正在查找: ('xpath', "//*[contains(@text,'PHP')]") 元素
2019-12-02 16:25:15,816 INFO [root] [base.py (base_find:20] - 正在查找: ('xpath', "//*[contains(@text,'PHP')]") 元素
2019-12-02 16:25:20,115 INFO [root] [base.py (base_find:20] - 正在查找: ('xpath', "//*[contains(@text,'PHP')]") 元素
2019-12-02 16:26:27,272 INFO [root] [base.py (__init__:15] - 正在获取driver对象：<appium.webdriver.webdriver.WebDriver (session="547eb80a-9449-41d1-86f0-22d625c0bf21")>
2019-12-02 16:26:27,273 INFO [root] [base.py (base_input:31] - 正在调用查找元素方法
2019-12-02 16:26:27,273 INFO [root] [base.py (base_find:20] - 正在查找: ('xpath', "//*[@index='1' and @class='android.widget.EditText']") 元素
2019-12-02 16:26:31,830 INFO [root] [base.py (base_input:33] - 正在对：('xpath', "//*[@index='1' and @class='android.widget.EditText']") 元素执行清空操作
2019-12-02 16:26:34,889 INFO [root] [base.py (base_input:36] - 正在对：('xpath', "//*[@index='1' and @class='android.widget.EditText']") 元素执行输入：13012345678 操作
2019-12-02 16:26:39,929 INFO [root] [base.py (base_input:31] - 正在调用查找元素方法
2019-12-02 16:26:39,929 INFO [root] [base.py (base_find:20] - 正在查找: ('xpath', "//*[@index='2' and @class='android.widget.EditText']") 元素
2019-12-02 16:26:39,980 INFO [root] [base.py (base_input:33] - 正在对：('xpath', "//*[@index='2' and @class='android.widget.EditText']") 元素执行清空操作
2019-12-02 16:26:42,377 INFO [root] [base.py (base_input:36] - 正在对：('xpath', "//*[@index='2' and @class='android.widget.EditText']") 元素执行输入：246810 操作
2019-12-02 16:26:47,214 INFO [root] [base.py (base_click:42] - 正在对：('xpath', "//*[@class='android.widget.Button']") 元素执行点击操作
2019-12-02 16:26:47,214 INFO [root] [base.py (base_find:20] - 正在查找: ('xpath', "//*[@class='android.widget.Button']") 元素
2019-12-02 16:26:48,258 INFO [root] [base.py (__init__:15] - 正在获取driver对象：<appium.webdriver.webdriver.WebDriver (session="547eb80a-9449-41d1-86f0-22d625c0bf21")>
2019-12-02 16:26:48,260 INFO [root] [base.py (base_find:20] - 正在查找: ('xpath', "//*[@class='android.widget.HorizontalScrollView']") 元素
2019-12-02 16:26:51,472 INFO [root] [base.py (base_find:20] - 正在查找: ('xpath', "//*[contains(@text,'php')]") 元素
2019-12-02 16:26:56,041 INFO [root] [base.py (base_find:20] - 正在查找: ('xpath', "//*[contains(@text,'php')]") 元素
2019-12-02 16:27:00,575 INFO [root] [base.py (base_find:20] - 正在查找: ('xpath', "//*[contains(@text,'php')]") 元素
2019-12-02 16:27:05,334 INFO [root] [base.py (base_find:20] - 正在查找: ('xpath', "//*[contains(@text,'php')]") 元素
2019-12-02 16:27:10,081 INFO [root] [base.py (base_find:20] - 正在查找: ('xpath', "//*[contains(@text,'php')]") 元素
2019-12-02 16:27:14,675 INFO [root] [base.py (base_find:20] - 正在查找: ('xpath', "//*[contains(@text,'php')]") 元素
2019-12-02 16:27:19,170 INFO [root] [base.py (base_find:20] - 正在查找: ('xpath', "//*[contains(@text,'php')]") 元素
2019-12-02 16:32:49,672 INFO [root] [base.py (__init__:15] - 正在获取driver对象：<appium.webdriver.webdriver.WebDriver (session="eb1d854b-fe45-4efd-9a7b-e13516ea3b56")>
2019-12-02 16:32:49,673 INFO [root] [base.py (base_input:31] - 正在调用查找元素方法
2019-12-02 16:32:49,673 INFO [root] [base.py (base_find:20] - 正在查找: ('xpath', "//*[@index='1' and @class='android.widget.EditText']") 元素
2019-12-02 16:32:54,283 INFO [root] [base.py (base_input:33] - 正在对：('xpath', "//*[@index='1' and @class='android.widget.EditText']") 元素执行清空操作
2019-12-02 16:32:57,887 INFO [root] [base.py (base_input:36] - 正在对：('xpath', "//*[@index='1' and @class='android.widget.EditText']") 元素执行输入：13012345678 操作
2019-12-02 16:33:02,975 INFO [root] [base.py (base_input:31] - 正在调用查找元素方法
2019-12-02 16:33:02,975 INFO [root] [base.py (base_find:20] - 正在查找: ('xpath', "//*[@index='2' and @class='android.widget.EditText']") 元素
2019-12-02 16:33:03,005 INFO [root] [base.py (base_input:33] - 正在对：('xpath', "//*[@index='2' and @class='android.widget.EditText']") 元素执行清空操作
2019-12-02 16:33:05,618 INFO [root] [base.py (base_input:36] - 正在对：('xpath', "//*[@index='2' and @class='android.widget.EditText']") 元素执行输入：246810 操作
2019-12-02 16:33:10,925 INFO [root] [base.py (base_click:42] - 正在对：('xpath', "//*[@class='android.widget.Button']") 元素执行点击操作
2019-12-02 16:33:10,925 INFO [root] [base.py (base_find:20] - 正在查找: ('xpath', "//*[@class='android.widget.Button']") 元素
2019-12-02 16:33:11,877 INFO [root] [base.py (__init__:15] - 正在获取driver对象：<appium.webdriver.webdriver.WebDriver (session="eb1d854b-fe45-4efd-9a7b-e13516ea3b56")>
2019-12-02 16:33:11,879 INFO [root] [base.py (base_find:20] - 正在查找: ('xpath', "//*[@class='android.widget.HorizontalScrollView']") 元素
2019-12-02 17:02:50,596 INFO [root] [base.py (__init__:15] - 正在获取driver对象：<appium.webdriver.webdriver.WebDriver (session="1c7cc193-1528-4fb8-bbba-7a33624698a3")>
2019-12-02 17:02:50,596 INFO [root] [base.py (base_input:31] - 正在调用查找元素方法
2019-12-02 17:02:50,596 INFO [root] [base.py (base_find:20] - 正在查找: ('xpath', "//*[@index='1' and @class='android.widget.EditText']") 元素
2019-12-02 17:02:55,113 INFO [root] [base.py (base_input:33] - 正在对：('xpath', "//*[@index='1' and @class='android.widget.EditText']") 元素执行清空操作
2019-12-02 17:02:57,827 INFO [root] [base.py (base_input:36] - 正在对：('xpath', "//*[@index='1' and @class='android.widget.EditText']") 元素执行输入：13012345678 操作
2019-12-02 17:03:03,168 INFO [root] [base.py (base_input:31] - 正在调用查找元素方法
2019-12-02 17:03:03,168 INFO [root] [base.py (base_find:20] - 正在查找: ('xpath', "//*[@index='2' and @class='android.widget.EditText']") 元素
2019-12-02 17:03:03,215 INFO [root] [base.py (base_input:33] - 正在对：('xpath', "//*[@index='2' and @class='android.widget.EditText']") 元素执行清空操作
2019-12-02 17:03:05,592 INFO [root] [base.py (base_input:36] - 正在对：('xpath', "//*[@index='2' and @class='android.widget.EditText']") 元素执行输入：246810 操作
2019-12-02 17:03:10,373 INFO [root] [base.py (base_click:42] - 正在对：('xpath', "//*[@class='android.widget.Button']") 元素执行点击操作
2019-12-02 17:03:10,373 INFO [root] [base.py (base_find:20] - 正在查找: ('xpath', "//*[@class='android.widget.Button']") 元素
2019-12-02 17:03:10,548 INFO [root] [base.py (__init__:15] - 正在获取driver对象：<appium.webdriver.webdriver.WebDriver (session="1c7cc193-1528-4fb8-bbba-7a33624698a3")>
2019-12-02 17:03:10,550 INFO [root] [base.py (base_find:20] - 正在查找: ('xpath', "//*[@class='android.widget.HorizontalScrollView']") 元素
2019-12-02 17:03:13,713 INFO [root] [base.py (base_find:20] - 正在查找: ('xpath', "//*[contains(@text,'python')]") 元素
2019-12-02 17:03:17,051 INFO [root] [base.py (base_find:20] - 正在查找: ('xpath', "//*[contains(@text,'python')]") 元素
2019-12-02 17:03:20,372 INFO [root] [base.py (base_find:20] - 正在查找: ('xpath', "//*[contains(@text,'python')]") 元素
2019-12-02 17:03:23,852 INFO [root] [base.py (base_find:20] - 正在查找: ('xpath', "//*[contains(@text,'python')]") 元素
2019-12-02 17:03:24,606 INFO [root] [base.py (base_find:20] - 正在查找: ('xpath', "//*[@bounds='[0,390][1080,1716]']") 元素
2019-12-02 17:03:26,971 INFO [root] [base.py (base_find:20] - 正在查找: ('xpath', "//*[contains(@text,'Python')]") 元素
2019-12-02 17:03:30,796 INFO [root] [base.py (base_find:20] - 正在查找: ('xpath', "//*[contains(@text,'Python')]") 元素
2019-12-02 17:03:34,434 INFO [root] [base.py (base_find:20] - 正在查找: ('xpath', "//*[contains(@text,'Python')]") 元素
2019-12-02 17:09:52,882 INFO [root] [base.py (__init__:15] - 正在获取driver对象：<selenium.webdriver.chrome.webdriver.WebDriver (session="c8954a714ef8c2486d618105881025b4")>
2019-12-02 17:09:52,883 INFO [root] [page_mp_login.py (page_login:30] - 正在调用自媒体登录方法，用户名：13012345678 密码：246810
2019-12-02 17:09:52,884 INFO [root] [base.py (base_input:31] - 正在调用查找元素方法
2019-12-02 17:09:52,884 INFO [root] [base.py (base_find:20] - 正在查找: ('css selector', '.el-input__inner') 元素
2019-12-02 17:09:52,980 INFO [root] [base.py (base_input:33] - 正在对：('css selector', '.el-input__inner') 元素执行清空操作
2019-12-02 17:09:53,122 INFO [root] [base.py (base_input:36] - 正在对：('css selector', '.el-input__inner') 元素执行输入：13012345678 操作
2019-12-02 17:09:53,750 INFO [root] [base.py (base_input:31] - 正在调用查找元素方法
2019-12-02 17:09:53,750 INFO [root] [base.py (base_find:20] - 正在查找: ('css selector', "[placeholder='验证码']") 元素
2019-12-02 17:09:53,771 INFO [root] [base.py (base_input:33] - 正在对：('css selector', "[placeholder='验证码']") 元素执行清空操作
2019-12-02 17:09:53,804 INFO [root] [base.py (base_input:36] - 正在对：('css selector', "[placeholder='验证码']") 元素执行输入：246810 操作
2019-12-02 17:09:55,888 INFO [root] [base.py (base_click:42] - 正在对：('css selector', '.el-button--primary') 元素执行点击操作
2019-12-02 17:09:55,889 INFO [root] [base.py (base_find:20] - 正在查找: ('css selector', '.el-button--primary') 元素
2019-12-02 17:09:56,014 INFO [root] [base.py (base_find:20] - 正在查找: ('css selector', '.user-name') 元素
2019-12-02 17:09:57,161 INFO [root] [base.py (base_get_text:47] - 正在获取：('css selector', '.user-name') 元素文本：test123
2019-12-02 17:09:57,162 INFO [root] [base.py (base_find:20] - 正在查找: ('css selector', '.user-name') 元素
2019-12-02 17:10:07,442 INFO [root] [base.py (__init__:15] - 正在获取driver对象：<selenium.webdriver.chrome.webdriver.WebDriver (session="612a5a67ff9dc96002c34c4bfd32f2ea")>
2019-12-02 17:10:07,442 INFO [root] [page_mp_login.py (page_login_success:38] - 正在调用自媒体登录方法，用户名：13012345678 密码：246810
2019-12-02 17:10:07,443 INFO [root] [base.py (base_input:31] - 正在调用查找元素方法
2019-12-02 17:10:07,443 INFO [root] [base.py (base_find:20] - 正在查找: ('css selector', '.el-input__inner') 元素
2019-12-02 17:10:07,463 INFO [root] [base.py (base_input:33] - 正在对：('css selector', '.el-input__inner') 元素执行清空操作
2019-12-02 17:10:07,556 INFO [root] [base.py (base_input:36] - 正在对：('css selector', '.el-input__inner') 元素执行输入：13012345678 操作
2019-12-02 17:10:07,758 INFO [root] [base.py (base_input:31] - 正在调用查找元素方法
2019-12-02 17:10:07,758 INFO [root] [base.py (base_find:20] - 正在查找: ('css selector', "[placeholder='验证码']") 元素
2019-12-02 17:10:07,784 INFO [root] [base.py (base_input:33] - 正在对：('css selector', "[placeholder='验证码']") 元素执行清空操作
2019-12-02 17:10:07,838 INFO [root] [base.py (base_input:36] - 正在对：('css selector', "[placeholder='验证码']") 元素执行输入：246810 操作
2019-12-02 17:10:09,932 INFO [root] [base.py (base_click:42] - 正在对：('css selector', '.el-button--primary') 元素执行点击操作
2019-12-02 17:10:09,932 INFO [root] [base.py (base_find:20] - 正在查找: ('css selector', '.el-button--primary') 元素
2019-12-02 17:10:10,013 INFO [root] [base.py (__init__:15] - 正在获取driver对象：<selenium.webdriver.chrome.webdriver.WebDriver (session="612a5a67ff9dc96002c34c4bfd32f2ea")>
2019-12-02 17:10:12,014 INFO [root] [base.py (base_click:42] - 正在对：('xpath', "//*[text()='内容管理']/..") 元素执行点击操作
2019-12-02 17:10:12,014 INFO [root] [base.py (base_find:20] - 正在查找: ('xpath', "//*[text()='内容管理']/..") 元素
2019-12-02 17:10:13,181 INFO [root] [base.py (base_click:42] - 正在对：('xpath', "//ul[@class='el-menu el-menu--inline']//*[contains(text(),'发布文章')]") 元素执行点击操作
2019-12-02 17:10:13,181 INFO [root] [base.py (base_find:20] - 正在查找: ('xpath', "//ul[@class='el-menu el-menu--inline']//*[contains(text(),'发布文章')]") 元素
2019-12-02 17:10:13,360 INFO [root] [base.py (base_input:31] - 正在调用查找元素方法
2019-12-02 17:10:13,361 INFO [root] [base.py (base_find:20] - 正在查找: ('css selector', "[placeholder='文章名称']") 元素
2019-12-02 17:10:14,445 INFO [root] [base.py (base_input:33] - 正在对：('css selector', "[placeholder='文章名称']") 元素执行清空操作
2019-12-02 17:10:14,505 INFO [root] [base.py (base_input:36] - 正在对：('css selector', "[placeholder='文章名称']") 元素执行输入：test-sz1201-004 操作
2019-12-02 17:10:14,944 INFO [root] [base.py (base_find:20] - 正在查找: ('id', 'publishTinymce_ifr') 元素
2019-12-02 17:10:15,353 INFO [root] [base.py (base_input:31] - 正在调用查找元素方法
2019-12-02 17:10:15,353 INFO [root] [base.py (base_find:20] - 正在查找: ('css selector', '#tinymce') 元素
2019-12-02 17:10:15,366 INFO [root] [base.py (base_input:33] - 正在对：('css selector', '#tinymce') 元素执行清空操作
2019-12-02 17:10:15,400 INFO [root] [base.py (base_input:36] - 正在对：('css selector', '#tinymce') 元素执行输入：上海今天天气不错,下雨啦！！！ 操作
2019-12-02 17:10:15,879 INFO [root] [base.py (base_click:42] - 正在对：('xpath', "//*[contains(text(),'自动')]/..") 元素执行点击操作
2019-12-02 17:10:15,879 INFO [root] [base.py (base_find:20] - 正在查找: ('xpath', "//*[contains(text(),'自动')]/..") 元素
2019-12-02 17:10:17,172 INFO [root] [base.py (base_find:20] - 正在查找: ('xpath', "//*[@placeholder='请选择']") 元素
2019-12-02 17:10:19,457 INFO [root] [base.py (base_finds:25] - 正在查找: ('css selector', 'ul>li') 元素
2019-12-02 17:10:19,987 INFO [root] [base.py (base_click:42] - 正在对：('css selector', '.el-button.filter-item.el-button--primary') 元素执行点击操作
2019-12-02 17:10:19,988 INFO [root] [base.py (base_find:20] - 正在查找: ('css selector', '.el-button.filter-item.el-button--primary') 元素
2019-12-02 17:10:20,149 INFO [root] [base.py (base_find:20] - 正在查找: ('xpath', "//*[contains(text(),'新增文章成功')]") 元素
2019-12-02 17:10:20,727 INFO [root] [base.py (base_get_text:47] - 正在获取：('xpath', "//*[contains(text(),'新增文章成功')]") 元素文本：新增文章成功
2019-12-02 17:10:20,728 INFO [root] [base.py (base_find:20] - 正在查找: ('xpath', "//*[contains(text(),'新增文章成功')]") 元素
2019-12-02 17:10:32,162 INFO [root] [base.py (__init__:15] - 正在获取driver对象：<selenium.webdriver.chrome.webdriver.WebDriver (session="c93a6c45becb9d7f29759d6161ccbd53")>
2019-12-02 17:10:32,164 INFO [root] [base.py (base_input:31] - 正在调用查找元素方法
2019-12-02 17:10:32,164 INFO [root] [base.py (base_find:20] - 正在查找: ('css selector', "[placeholder='用户名']") 元素
2019-12-02 17:10:32,193 INFO [root] [base.py (base_input:33] - 正在对：('css selector', "[placeholder='用户名']") 元素执行清空操作
2019-12-02 17:10:32,231 INFO [root] [base.py (base_input:36] - 正在对：('css selector', "[placeholder='用户名']") 元素执行输入：testid 操作
2019-12-02 17:10:32,331 INFO [root] [base.py (base_input:31] - 正在调用查找元素方法
2019-12-02 17:10:32,332 INFO [root] [base.py (base_find:20] - 正在查找: ('css selector', "[placeholder='密码']") 元素
2019-12-02 17:10:32,346 INFO [root] [base.py (base_input:33] - 正在对：('css selector', "[placeholder='密码']") 元素执行清空操作
2019-12-02 17:10:32,375 INFO [root] [base.py (base_input:36] - 正在对：('css selector', "[placeholder='密码']") 元素执行输入：testpwd123 操作
2019-12-02 17:10:32,458 INFO [root] [base.py (base_click:42] - 正在对：('css selector', '#inp1') 元素执行点击操作
2019-12-02 17:10:32,458 INFO [root] [base.py (base_find:20] - 正在查找: ('css selector', '#inp1') 元素
2019-12-02 17:10:32,548 INFO [root] [base.py (base_find:20] - 正在查找: ('css selector', '.user_info>span') 元素
2019-12-02 17:10:33,122 INFO [root] [base.py (base_get_text:47] - 正在获取：('css selector', '.user_info>span') 元素文本：欢迎 管理员
2019-12-02 17:10:33,122 INFO [root] [base.py (base_find:20] - 正在查找: ('css selector', '.user_info>span') 元素
2019-12-02 17:10:42,649 INFO [root] [base.py (__init__:15] - 正在获取driver对象：<selenium.webdriver.chrome.webdriver.WebDriver (session="8fccdd82f8cf9ee9f36264731c091a33")>
2019-12-02 17:10:42,649 INFO [root] [base.py (base_input:31] - 正在调用查找元素方法
2019-12-02 17:10:42,649 INFO [root] [base.py (base_find:20] - 正在查找: ('css selector', "[placeholder='用户名']") 元素
2019-12-02 17:10:42,676 INFO [root] [base.py (base_input:33] - 正在对：('css selector', "[placeholder='用户名']") 元素执行清空操作
2019-12-02 17:10:42,708 INFO [root] [base.py (base_input:36] - 正在对：('css selector', "[placeholder='用户名']") 元素执行输入：testid 操作
2019-12-02 17:10:42,788 INFO [root] [base.py (base_input:31] - 正在调用查找元素方法
2019-12-02 17:10:42,788 INFO [root] [base.py (base_find:20] - 正在查找: ('css selector', "[placeholder='密码']") 元素
2019-12-02 17:10:42,807 INFO [root] [base.py (base_input:33] - 正在对：('css selector', "[placeholder='密码']") 元素执行清空操作
2019-12-02 17:10:42,840 INFO [root] [base.py (base_input:36] - 正在对：('css selector', "[placeholder='密码']") 元素执行输入：testpwd123 操作
2019-12-02 17:10:42,906 INFO [root] [base.py (base_click:42] - 正在对：('css selector', '#inp1') 元素执行点击操作
2019-12-02 17:10:42,906 INFO [root] [base.py (base_find:20] - 正在查找: ('css selector', '#inp1') 元素
2019-12-02 17:10:42,981 INFO [root] [base.py (__init__:15] - 正在获取driver对象：<selenium.webdriver.chrome.webdriver.WebDriver (session="8fccdd82f8cf9ee9f36264731c091a33")>
2019-12-02 17:10:44,983 INFO [root] [base.py (base_click:42] - 正在对：('xpath', "//*[text()='信息管理']") 元素执行点击操作
2019-12-02 17:10:44,983 INFO [root] [base.py (base_find:20] - 正在查找: ('xpath', "//*[text()='信息管理']") 元素
2019-12-02 17:10:46,074 INFO [root] [base.py (base_click:42] - 正在对：('xpath', "//*[text()='内容审核']") 元素执行点击操作
2019-12-02 17:10:46,074 INFO [root] [base.py (base_find:20] - 正在查找: ('xpath', "//*[text()='内容审核']") 元素
2019-12-02 17:10:46,268 INFO [root] [base.py (base_input:31] - 正在调用查找元素方法
2019-12-02 17:10:46,268 INFO [root] [base.py (base_find:20] - 正在查找: ('css selector', "[placeholder='请输入: 文章名称']") 元素
2019-12-02 17:10:46,290 INFO [root] [base.py (base_input:33] - 正在对：('css selector', "[placeholder='请输入: 文章名称']") 元素执行清空操作
2019-12-02 17:10:46,320 INFO [root] [base.py (base_input:36] - 正在对：('css selector', "[placeholder='请输入: 文章名称']") 元素执行输入：test-sz1201-004 操作
2019-12-02 17:10:46,539 INFO [root] [base.py (base_input:31] - 正在调用查找元素方法
2019-12-02 17:10:46,539 INFO [root] [base.py (base_find:20] - 正在查找: ('css selector', "[placeholder='请输入: 频道']") 元素
2019-12-02 17:10:46,553 INFO [root] [base.py (base_input:33] - 正在对：('css selector', "[placeholder='请输入: 频道']") 元素执行清空操作
2019-12-02 17:10:46,587 INFO [root] [base.py (base_input:36] - 正在对：('css selector', "[placeholder='请输入: 频道']") 元素执行输入：数据库 操作
2019-12-02 17:10:47,646 INFO [root] [base.py (base_find:20] - 正在查找: ('xpath', "//*[@placeholder='请选择状态']") 元素
2019-12-02 17:10:49,744 INFO [root] [base.py (base_finds:25] - 正在查找: ('css selector', 'ul>li') 元素
2019-12-02 17:10:50,537 INFO [root] [base.py (base_click:42] - 正在对：('css selector', '.find') 元素执行点击操作
2019-12-02 17:10:50,537 INFO [root] [base.py (base_find:20] - 正在查找: ('css selector', '.find') 元素
2019-12-02 17:10:52,680 INFO [root] [base.py (base_find:20] - 正在查找: ('xpath', "//div[@class='cell']/span") 元素
2019-12-02 17:10:52,733 INFO [root] [base.py (base_get_text:47] - 正在获取：('xpath', "//div[@class='cell']/span") 元素文本：1201428233820569600
2019-12-02 17:10:52,733 INFO [root] [base.py (base_find:20] - 正在查找: ('xpath', "//div[@class='cell']/span") 元素
2019-12-02 17:10:52,754 INFO [root] [base.py (base_click:42] - 正在对：('xpath', "//*[text()='通过']/..") 元素执行点击操作
2019-12-02 17:10:52,755 INFO [root] [base.py (base_find:20] - 正在查找: ('xpath', "//*[text()='通过']/..") 元素
2019-12-02 17:10:52,861 INFO [root] [base.py (base_click:42] - 正在对：('css selector', '.el-button--primary') 元素执行点击操作
2019-12-02 17:10:52,862 INFO [root] [base.py (base_find:20] - 正在查找: ('css selector', '.el-button--primary') 元素
2019-12-02 17:10:56,901 INFO [root] [base.py (base_input:31] - 正在调用查找元素方法
2019-12-02 17:10:56,901 INFO [root] [base.py (base_find:20] - 正在查找: ('css selector', "[placeholder='请输入: 文章名称']") 元素
2019-12-02 17:10:56,919 INFO [root] [base.py (base_input:33] - 正在对：('css selector', "[placeholder='请输入: 文章名称']") 元素执行清空操作
2019-12-02 17:10:56,964 INFO [root] [base.py (base_input:36] - 正在对：('css selector', "[placeholder='请输入: 文章名称']") 元素执行输入：test-sz1201-004 操作
2019-12-02 17:10:57,204 INFO [root] [base.py (base_input:31] - 正在调用查找元素方法
2019-12-02 17:10:57,204 INFO [root] [base.py (base_find:20] - 正在查找: ('css selector', "[placeholder='请输入: 频道']") 元素
2019-12-02 17:10:57,227 INFO [root] [base.py (base_input:33] - 正在对：('css selector', "[placeholder='请输入: 频道']") 元素执行清空操作
2019-12-02 17:10:57,326 INFO [root] [base.py (base_input:36] - 正在对：('css selector', "[placeholder='请输入: 频道']") 元素执行输入：数据库 操作
2019-12-02 17:10:58,466 INFO [root] [base.py (base_find:20] - 正在查找: ('xpath', "//*[@placeholder='请选择状态']") 元素
2019-12-02 17:11:00,577 INFO [root] [base.py (base_finds:25] - 正在查找: ('css selector', 'ul>li') 元素
2019-12-02 17:11:01,290 INFO [root] [base.py (base_click:42] - 正在对：('css selector', '.find') 元素执行点击操作
2019-12-02 17:11:01,290 INFO [root] [base.py (base_find:20] - 正在查找: ('css selector', '.find') 元素
2019-12-02 17:11:09,389 INFO [root] [base.py (base_find:20] - 正在查找: ('xpath', "//*[contains(text(),'1201428233820569600')]") 元素
2019-12-02 17:11:20,323 INFO [root] [base.py (__init__:15] - 正在获取driver对象：<appium.webdriver.webdriver.WebDriver (session="ed2b4bf6-a66b-4f07-83d6-213fdba2abd3")>
2019-12-02 17:11:20,325 INFO [root] [base.py (base_input:31] - 正在调用查找元素方法
2019-12-02 17:11:20,326 INFO [root] [base.py (base_find:20] - 正在查找: ('xpath', "//*[@index='1' and @class='android.widget.EditText']") 元素
2019-12-02 17:11:24,784 INFO [root] [base.py (base_input:33] - 正在对：('xpath', "//*[@index='1' and @class='android.widget.EditText']") 元素执行清空操作
2019-12-02 17:11:28,309 INFO [root] [base.py (base_input:36] - 正在对：('xpath', "//*[@index='1' and @class='android.widget.EditText']") 元素执行输入：13012345678 操作
2019-12-02 17:11:33,367 INFO [root] [base.py (base_input:31] - 正在调用查找元素方法
2019-12-02 17:11:33,367 INFO [root] [base.py (base_find:20] - 正在查找: ('xpath', "//*[@index='2' and @class='android.widget.EditText']") 元素
2019-12-02 17:11:33,418 INFO [root] [base.py (base_input:33] - 正在对：('xpath', "//*[@index='2' and @class='android.widget.EditText']") 元素执行清空操作
2019-12-02 17:11:35,599 INFO [root] [base.py (base_input:36] - 正在对：('xpath', "//*[@index='2' and @class='android.widget.EditText']") 元素执行输入：246810 操作
2019-12-02 17:11:40,852 INFO [root] [base.py (base_click:42] - 正在对：('xpath', "//*[@class='android.widget.Button']") 元素执行点击操作
2019-12-02 17:11:40,853 INFO [root] [base.py (base_find:20] - 正在查找: ('xpath', "//*[@class='android.widget.Button']") 元素
2019-12-02 17:11:41,020 INFO [root] [base.py (base_find:20] - 正在查找: ('xpath', "//*[contains(@text,'我的') and @index='3']") 元素
2019-12-02 17:11:53,600 INFO [root] [base.py (__init__:15] - 正在获取driver对象：<appium.webdriver.webdriver.WebDriver (session="1b76f9b2-35ec-446a-a446-21111469686e")>
2019-12-02 17:11:53,600 INFO [root] [base.py (base_input:31] - 正在调用查找元素方法
2019-12-02 17:11:53,600 INFO [root] [base.py (base_find:20] - 正在查找: ('xpath', "//*[@index='1' and @class='android.widget.EditText']") 元素
2019-12-02 17:11:58,015 INFO [root] [base.py (base_input:33] - 正在对：('xpath', "//*[@index='1' and @class='android.widget.EditText']") 元素执行清空操作
2019-12-02 17:12:00,810 INFO [root] [base.py (base_input:36] - 正在对：('xpath', "//*[@index='1' and @class='android.widget.EditText']") 元素执行输入：13012345678 操作
2019-12-02 17:12:06,166 INFO [root] [base.py (base_input:31] - 正在调用查找元素方法
2019-12-02 17:12:06,167 INFO [root] [base.py (base_find:20] - 正在查找: ('xpath', "//*[@index='2' and @class='android.widget.EditText']") 元素
2019-12-02 17:12:06,194 INFO [root] [base.py (base_input:33] - 正在对：('xpath', "//*[@index='2' and @class='android.widget.EditText']") 元素执行清空操作
2019-12-02 17:12:08,108 INFO [root] [base.py (base_input:36] - 正在对：('xpath', "//*[@index='2' and @class='android.widget.EditText']") 元素执行输入：246810 操作
2019-12-02 17:12:12,953 INFO [root] [base.py (base_click:42] - 正在对：('xpath', "//*[@class='android.widget.Button']") 元素执行点击操作
2019-12-02 17:12:12,953 INFO [root] [base.py (base_find:20] - 正在查找: ('xpath', "//*[@class='android.widget.Button']") 元素
2019-12-02 17:12:13,101 INFO [root] [base.py (__init__:15] - 正在获取driver对象：<appium.webdriver.webdriver.WebDriver (session="1b76f9b2-35ec-446a-a446-21111469686e")>
2019-12-02 17:12:13,102 INFO [root] [base.py (base_find:20] - 正在查找: ('xpath', "//*[@class='android.widget.HorizontalScrollView']") 元素
2019-12-02 17:12:15,767 INFO [root] [base.py (base_find:20] - 正在查找: ('xpath', "//*[contains(@text,'python')]") 元素
2019-12-02 17:12:19,387 INFO [root] [base.py (base_find:20] - 正在查找: ('xpath', "//*[contains(@text,'python')]") 元素
2019-12-02 17:12:22,833 INFO [root] [base.py (base_find:20] - 正在查找: ('xpath', "//*[contains(@text,'python')]") 元素
2019-12-02 17:12:26,711 INFO [root] [base.py (base_find:20] - 正在查找: ('xpath', "//*[contains(@text,'python')]") 元素
2019-12-02 17:12:27,052 INFO [root] [base.py (base_find:20] - 正在查找: ('xpath', "//*[@bounds='[0,390][1080,1716]']") 元素
2019-12-02 17:12:28,628 INFO [root] [base.py (base_find:20] - 正在查找: ('xpath', "//*[contains(@text,'Python')]") 元素
